<?xml version="1.0" encoding="UTF-8"?>
<!-- Generated by org.testng.reporters.JUnitReportReporter -->
<testsuite hostname="DESKTOP-O1MNL82" failures="0" tests="1" name="com.inetBanking.testCases.TC_AddCustomer_002" time="18.902" errors="0" timestamp="2021-12-23T18:00:15 IST" skipped="0">
  <testcase classname="com.inetBanking.testCases.TC_AddCustomer_002" name="loginTest" time="18.902"/>
  <system-out/>
</testsuite> <!-- com.inetBanking.testCases.TC_AddCustomer_002 -->
