<?xml version="1.0" encoding="UTF-8"?>
<!-- Generated by org.testng.reporters.JUnitReportReporter -->
<testsuite hostname="DESKTOP-O1MNL82" failures="0" tests="1" name="com.inetBanking.pageObject.ExtentReporterNG" time="8.389" errors="0" timestamp="2021-12-20T12:50:31 IST" skipped="0">
  <testcase classname="com.inetBanking.pageObject.ExtentReporterNG" name="intialDemo" time="8.389"/>
  <system-out/>
</testsuite> <!-- com.inetBanking.pageObject.ExtentReporterNG -->
