<?xml version="1.0" encoding="UTF-8"?>
<!-- Generated by org.testng.reporters.JUnitReportReporter -->
<testsuite hostname="DESKTOP-O1MNL82" failures="0" tests="1" name="com.inetBanking.utilities.ExtentReporterNG" time="12.465" errors="0" timestamp="2021-12-20T19:38:19 IST" skipped="0">
  <testcase classname="com.inetBanking.utilities.ExtentReporterNG" name="intialDemo" time="12.465"/>
  <system-out/>
</testsuite> <!-- com.inetBanking.utilities.ExtentReporterNG -->
